<?xml version="1.0" encoding="UTF-8"?>
<!-- Generated by org.testng.reporters.JUnitXMLReporter -->
<testsuite hostname="aravind-PC" ignored="0" name="Test" tests="1" failures="1" timestamp="20 May 2018 16:30:28 GMT" time="20.75" errors="0">
  <testcase name="Registration_data" time="0.0" classname="TestDataprovider.DataProvider_apache_02">
    <failure type="org.testng.TestNGException" message="
Data Provider public java.lang.Object[][] TestDataprovider.DataProvider_apache_02.Authentication() throws java.lang.Exception must return either Object[][] or Iterator&amp;lt;Object&amp;gt;[], not class [[Ljava.lang.Object;">
      <![CDATA[org.testng.TestNGException: 
Data Provider public java.lang.Object[][] TestDataprovider.DataProvider_apache_02.Authentication() throws java.lang.Exception must return either Object[][] or Iterator<Object>[], not class [[Ljava.lang.Object;
... Removed 22 stack frames]]>
    </failure>
  </testcase> <!-- Registration_data -->
</testsuite> <!-- Test -->
